<?xml version="1.0" encoding="utf-8"?><testsuites><testsuite errors="0" failures="0" hostname="KC-DV-M0047.local" name="pytest" skipped="0" tests="8" time="3.761" timestamp="2020-01-09T14:21:15.748552"><testcase classname="tests.test_server.test_urls" file="tests/test_server/test_urls.py" line="40" name="test_robots_txt" time="0.110"></testcase><testcase classname="tests.test_server.test_urls" file="tests/test_server/test_urls.py" line="25" name="test_admin_docs_unauthorized" time="0.059"></testcase><testcase classname="tests.test_server.test_urls" file="tests/test_server/test_urls.py" line="3" name="test_admin_unauthorized" time="0.019"></testcase><testcase classname="tests.test_apps.test_main.test_views.test_index_view" file="tests/test_apps/test_main/test_views/test_index_view.py" line="3" name="test_main_page" time="0.016"></testcase><testcase classname="tests.test_apps.test_main.test_views.test_index_view" file="tests/test_apps/test_main/test_views/test_index_view.py" line="11" name="test_hello_page" time="0.018"></testcase><testcase classname="tests.test_server.test_urls" file="tests/test_server/test_urls.py" line="32" name="test_admin_docs_authorized" time="1.030"></testcase><testcase classname="tests.test_server.test_urls" file="tests/test_server/test_urls.py" line="18" name="test_admin_authorized" time="0.363"></testcase><testcase classname="tests.test_server.test_urls" file="tests/test_server/test_urls.py" line="10" name="test_health_check" time="0.073"></testcase></testsuite></testsuites>